[05/18/2016 15:12:15:2533][Exception]System.IO.IOException: 文件“C:\Users\Administrator\AppData\Local\Temp\tmp55B5.tmp”正由另一进程使用，因此该进程无法访问此文件。
   在 System.IO.__Error.WinIOError(Int32 errorCode, String maybeFullPath)
   在 System.IO.FileStream.Init(String path, FileMode mode, FileAccess access, Int32 rights, Boolean useRights, FileShare share, Int32 bufferSize, FileOptions options, SECURITY_ATTRIBUTES secAttrs, String msgPath, Boolean bFromProxy, Boolean useLongPath, Boolean checkHost)
   在 System.IO.FileStream..ctor(String path, FileMode mode, FileAccess access, FileShare share)
   在 System.Windows.Input.Cursor.LoadFromStream(Stream cursorStream)
   在 System.Windows.Input.Cursor..ctor(Stream cursorStream)
   在 System.Windows.Controls.GridViewColumnHeader.GetCursor(Int32 cursorID)
   在 System.Windows.Controls.GridViewColumnHeader.get_SplitCursor()
   在 System.Windows.Controls.GridViewColumnHeader.HookupGripperEvents()
   在 System.Windows.Controls.GridViewColumnHeader.OnApplyTemplate()
   在 System.Windows.FrameworkElement.ApplyTemplate()
   在 System.Windows.FrameworkElement.MeasureCore(Size availableSize)
   在 System.Windows.UIElement.Measure(Size availableSize)
   在 System.Windows.Controls.GridViewHeaderRowPresenter.MeasureOverride(Size constraint)
   在 System.Windows.FrameworkElement.MeasureCore(Size availableSize)
   在 System.Windows.UIElement.Measure(Size availableSize)
   在 MS.Internal.Helper.MeasureElementWithSingleChild(UIElement element, Size constraint)
   在 System.Windows.Controls.ScrollContentPresenter.MeasureOverride(Size constraint)
   在 System.Windows.FrameworkElement.MeasureCore(Size availableSize)
   在 System.Windows.UIElement.Measure(Size availableSize)
   在 System.Windows.Controls.Grid.MeasureCell(Int32 cell, Boolean forceInfinityV)
   在 System.Windows.Controls.Grid.MeasureCellsGroup(Int32 cellsHead, Size referenceSize, Boolean ignoreDesiredSizeU, Boolean forceInfinityV, Boolean& hasDesiredSizeUChanged)
   在 System.Windows.Controls.Grid.MeasureCellsGroup(Int32 cellsHead, Size referenceSize, Boolean ignoreDesiredSizeU, Boolean forceInfinityV)
   在 System.Windows.Controls.Grid.MeasureOverride(Size constraint)
   在 System.Windows.FrameworkElement.MeasureCore(Size availableSize)
   在 System.Windows.UIElement.Measure(Size availableSize)
   在 System.Windows.Controls.ScrollViewer.MeasureOverride(Size constraint)
   在 System.Windows.FrameworkElement.MeasureCore(Size availableSize)
   在 System.Windows.UIElement.Measure(Size availableSize)
   在 System.Windows.Controls.DockPanel.MeasureOverride(Size constraint)
   在 System.Windows.FrameworkElement.MeasureCore(Size availableSize)
   在 System.Windows.UIElement.Measure(Size availableSize)
   在 System.Windows.Controls.Grid.MeasureCell(Int32 cell, Boolean forceInfinityV)
   在 System.Windows.Controls.Grid.MeasureCellsGroup(Int32 cellsHead, Size referenceSize, Boolean ignoreDesiredSizeU, Boolean forceInfinityV, Boolean& hasDesiredSizeUChanged)
   在 System.Windows.Controls.Grid.MeasureCellsGroup(Int32 cellsHead, Size referenceSize, Boolean ignoreDesiredSizeU, Boolean forceInfinityV)
   在 System.Windows.Controls.Grid.MeasureOverride(Size constraint)
   在 System.Windows.FrameworkElement.MeasureCore(Size availableSize)
   在 System.Windows.UIElement.Measure(Size availableSize)
   在 System.Windows.Controls.ScrollViewer.MeasureOverride(Size constraint)
   在 System.Windows.FrameworkElement.MeasureCore(Size availableSize)
   在 System.Windows.UIElement.Measure(Size availableSize)
   在 Microsoft.Windows.Themes.ListBoxChrome.MeasureOverride(Size availableSize)
   在 System.Windows.FrameworkElement.MeasureCore(Size availableSize)
   在 System.Windows.UIElement.Measure(Size availableSize)
   在 System.Windows.Controls.Control.MeasureOverride(Size constraint)
   在 System.Windows.FrameworkElement.MeasureCore(Size availableSize)
   在 System.Windows.UIElement.Measure(Size availableSize)
   在 System.Windows.Controls.Grid.MeasureCell(Int32 cell, Boolean forceInfinityV)
   在 System.Windows.Controls.Grid.MeasureCellsGroup(Int32 cellsHead, Size referenceSize, Boolean ignoreDesiredSizeU, Boolean forceInfinityV, Boolean& hasDesiredSizeUChanged)
   在 System.Windows.Controls.Grid.MeasureCellsGroup(Int32 cellsHead, Size referenceSize, Boolean ignoreDesiredSizeU, Boolean forceInfinityV)
   在 System.Windows.Controls.Grid.MeasureOverride(Size constraint)
   在 System.Windows.FrameworkElement.MeasureCore(Size availableSize)
   在 System.Windows.UIElement.Measure(Size availableSize)
   在 System.Windows.Controls.Grid.MeasureCell(Int32 cell, Boolean forceInfinityV)
   在 System.Windows.Controls.Grid.MeasureCellsGroup(Int32 cellsHead, Size referenceSize, Boolean ignoreDesiredSizeU, Boolean forceInfinityV, Boolean& hasDesiredSizeUChanged)
   在 System.Windows.Controls.Grid.MeasureCellsGroup(Int32 cellsHead, Size referenceSize, Boolean ignoreDesiredSizeU, Boolean forceInfinityV)
   在 System.Windows.Controls.Grid.MeasureOverride(Size constraint)
   在 System.Windows.FrameworkElement.MeasureCore(Size availableSize)
   在 System.Windows.UIElement.Measure(Size availableSize)
   在 System.Windows.Controls.DockPanel.MeasureOverride(Size constraint)
   在 System.Windows.FrameworkElement.MeasureCore(Size availableSize)
   在 System.Windows.UIElement.Measure(Size availableSize)
   在 System.Windows.Controls.Grid.MeasureOverride(Size constraint)
   在 System.Windows.FrameworkElement.MeasureCore(Size availableSize)
   在 System.Windows.UIElement.Measure(Size availableSize)
   在 MS.Internal.Helper.MeasureElementWithSingleChild(UIElement element, Size constraint)
   在 System.Windows.Controls.ContentPresenter.MeasureOverride(Size constraint)
   在 System.Windows.FrameworkElement.MeasureCore(Size availableSize)
   在 System.Windows.UIElement.Measure(Size availableSize)
   在 System.Windows.Documents.AdornerDecorator.MeasureOverride(Size constraint)
   在 System.Windows.FrameworkElement.MeasureCore(Size availableSize)
   在 System.Windows.UIElement.Measure(Size availableSize)
   在 System.Windows.Controls.Border.MeasureOverride(Size constraint)
   在 System.Windows.FrameworkElement.MeasureCore(Size availableSize)
   在 System.Windows.UIElement.Measure(Size availableSize)
   在 System.Windows.Window.MeasureOverrideHelper(Size constraint)
   在 System.Windows.Window.MeasureOverride(Size availableSize)
   在 System.Windows.FrameworkElement.MeasureCore(Size availableSize)
   在 System.Windows.UIElement.Measure(Size availableSize)
   在 System.Windows.Interop.HwndSource.SetLayoutSize()
   在 System.Windows.Interop.HwndSource.set_RootVisualInternal(Visual value)
   在 System.Windows.Interop.HwndSource.set_RootVisual(Visual value)
   在 System.Windows.Window.SetRootVisual()
   在 System.Windows.Window.SetRootVisualAndUpdateSTC()
   在 System.Windows.Window.SetupInitialState(Double requestedTop, Double requestedLeft, Double requestedWidth, Double requestedHeight)
   在 System.Windows.Window.CreateSourceWindow(Boolean duringShow)
   在 System.Windows.Window.CreateSourceWindowDuringShow()
   在 System.Windows.Window.SafeCreateWindowDuringShow()
   在 System.Windows.Window.ShowHelper(Object booleanBox)
   在 System.Windows.Threading.ExceptionWrapper.InternalRealCall(Delegate callback, Object args, Int32 numArgs)
   在 MS.Internal.Threading.ExceptionFilterHelper.TryCatchWhen(Object source, Delegate method, Object args, Int32 numArgs, Delegate catchHandler)
   在 System.Windows.Threading.DispatcherOperation.InvokeImpl()
   在 System.Windows.Threading.DispatcherOperation.InvokeInSecurityContext(Object state)
   在 System.Threading.ExecutionContext.RunInternal(ExecutionContext executionContext, ContextCallback callback, Object state, Boolean preserveSyncCtx)
   在 System.Threading.ExecutionContext.Run(ExecutionContext executionContext, ContextCallback callback, Object state, Boolean preserveSyncCtx)
   在 System.Threading.ExecutionContext.Run(ExecutionContext executionContext, ContextCallback callback, Object state)
   在 System.Windows.Threading.DispatcherOperation.Invoke()
   在 System.Windows.Threading.Dispatcher.ProcessQueue()
   在 System.Windows.Threading.Dispatcher.WndProcHook(IntPtr hwnd, Int32 msg, IntPtr wParam, IntPtr lParam, Boolean& handled)
   在 MS.Win32.HwndWrapper.WndProc(IntPtr hwnd, Int32 msg, IntPtr wParam, IntPtr lParam, Boolean& handled)
   在 MS.Win32.HwndSubclass.DispatcherCallbackOperation(Object o)
   在 System.Windows.Threading.ExceptionWrapper.InternalRealCall(Delegate callback, Object args, Int32 numArgs)
   在 MS.Internal.Threading.ExceptionFilterHelper.TryCatchWhen(Object source, Delegate method, Object args, Int32 numArgs, Delegate catchHandler)
   在 System.Windows.Threading.Dispatcher.LegacyInvokeImpl(DispatcherPriority priority, TimeSpan timeout, Delegate method, Object args, Int32 numArgs)
   在 MS.Win32.HwndSubclass.SubclassWndProc(IntPtr hwnd, Int32 msg, IntPtr wParam, IntPtr lParam)
   在 MS.Win32.UnsafeNativeMethods.DispatchMessage(MSG& msg)
   在 System.Windows.Threading.Dispatcher.PushFrameImpl(DispatcherFrame frame)
   在 System.Windows.Threading.Dispatcher.PushFrame(DispatcherFrame frame)
   在 System.Windows.Threading.Dispatcher.Run()
   在 System.Windows.Application.RunDispatcher(Object ignore)
   在 System.Windows.Application.RunInternal(Window window)
   在 System.Windows.Application.Run(Window window)
   在 VisualProgrammingEnvironment.App.Main() 位置 C:\Users\Gennaro\Source\Repos\visualprogrammingenvironment\VisualProgrammingEnvironment\obj\Release\App.g.cs:行号 0
